<?xml version="1.0" encoding="UTF-8"?>
<testsuites>
  <testsuite name="Checkout" tests="10" failures="2" errors="0" skipped="1" time="12.345">
    <testcase classname="checkout.CartTest" name="test_add_item" time="0.201"/>
    <testcase classname="checkout.CartTest" name="test_remove_item" time="0.180"/>
    <testcase classname="checkout.CartTest" name="test_update_quantity" time="0.155"/>
    <testcase classname="checkout.PaymentTest" name="test_capture_payment" time="1.204">
      <failure message="AssertionError: expected 200 but got 500">
        at PaymentTest.test_capture_payment (test/checkout/payment.test.ts:42:12)
        at processTicksAndRejections (node:internal/process/task_queues:95:5)
      </failure>
    </testcase>
    <testcase classname="checkout.PaymentTest" name="test_refund" time="0.940"/>
    <testcase classname="checkout.DiscountTest" name="test_percent_discount" time="0.310"/>
    <testcase classname="checkout.DiscountTest" name="test_coupon_expiry" time="0.280">
      <failure message="Error: coupon was not applied">
        at DiscountTest.test_coupon_expiry (test/checkout/discount.test.ts:77:9)
      </failure>
    </testcase>
    <testcase classname="checkout.ShippingTest" name="test_free_shipping_threshold" time="0.220"/>
    <testcase classname="checkout.ShippingTest" name="test_international_quote" time="0.400">
      <skipped message="not supported in this region"/>
    </testcase>
    <testcase classname="checkout.TaxTest" name="test_vat_calculation" time="0.150"/>
  </testsuite>
</testsuites>
